<?xml version="1.0" encoding="UTF-8"?>
<testng-results skipped="0" failed="0" total="1" passed="1">
  <reporter-output>
  </reporter-output>
  <suite name="Surefire suite" duration-ms="4" started-at="2018-07-10T11:55:29Z" finished-at="2018-07-10T11:55:29Z">
    <groups>
    </groups>
    <test name="Surefire test" duration-ms="4" started-at="2018-07-10T11:55:29Z" finished-at="2018-07-10T11:55:29Z">
      <class name="com.qainfotech.com.Baisc_course.AppTest">
        <test-method status="PASS" signature="testApp()[pri:0, instance:testApp(com.qainfotech.com.Baisc_course.AppTest)]" name="testApp" duration-ms="1" started-at="2018-07-10T17:25:29Z" finished-at="2018-07-10T17:25:29Z">
          <reporter-output>
          </reporter-output>
        </test-method> <!-- testApp -->
      </class> <!-- com.qainfotech.com.Baisc_course.AppTest -->
    </test> <!-- Surefire test -->
  </suite> <!-- Surefire suite -->
</testng-results>
