<?xml version="1.0" encoding="UTF-8"?>
<testng-results skipped="0" failed="0" total="1" passed="1">
  <reporter-output>
  </reporter-output>
  <suite name="Surefire suite" duration-ms="3597" started-at="2018-07-10T11:55:25Z" finished-at="2018-07-10T11:55:29Z">
    <groups>
    </groups>
    <test name="Surefire test" duration-ms="3597" started-at="2018-07-10T11:55:25Z" finished-at="2018-07-10T11:55:29Z">
      <class name="com.qainfotech.com.Baisc_course.TestFile">
        <test-method status="PASS" signature="f()[pri:0, instance:com.qainfotech.com.Baisc_course.TestFile@7cf10a6f]" name="f" duration-ms="3589" started-at="2018-07-10T17:25:25Z" finished-at="2018-07-10T17:25:29Z">
          <reporter-output>
          </reporter-output>
        </test-method> <!-- f -->
      </class> <!-- com.qainfotech.com.Baisc_course.TestFile -->
    </test> <!-- Surefire test -->
  </suite> <!-- Surefire suite -->
</testng-results>
